[debug] [2024-04-11T11:15:42.160Z] : 
[debug] [2024-04-11T11:15:42.184Z] : ----------------------------------------------------------------------
[debug] [2024-04-11T11:15:42.185Z] : Command:      C:\Program Files\nodejs\node.exe C:\Users\ELCOT\AppData\Roaming\npm\node_modules\zcatalyst-cli\lib\bin\catalyst.js init --force
[debug] [2024-04-11T11:15:42.185Z] : CLI Version:  1.17.5
[debug] [2024-04-11T11:15:42.187Z] : Platform:     win32
[debug] [2024-04-11T11:15:42.188Z] : Node Version: v20.11.1
[debug] [2024-04-11T11:15:42.188Z] : Time:         Thu Apr 11 2024 16:45:42 GMT+0530 (India Standard Time)
[debug] [2024-04-11T11:15:42.189Z] : ----------------------------------------------------------------------
[debug] [2024-04-11T11:15:42.190Z] : 
[debug] [2024-04-11T11:15:45.164Z] : > authorizing via signed-in user option
[debug] [2024-04-11T11:15:45.166Z] : > command requires scopes: ["ZohoCatalyst.projects.ALL","ZohoCatalyst.projects.ALL","Stratus.sdkop.CREATE","Stratus.sdkop.READ","ZohoCatalyst.project.import.CREATE"]
[debug] [2024-04-11T11:15:45.232Z] : >>>> HTTP REQUEST : GET https://api.catalyst.zoho.in/baas/v1/project/2956000000043031 

[debug] [2024-04-11T11:15:45.632Z] : <<<< HTTP RESPONSE : 200
Response Headers: {"server":"ZGS","date":"Thu, 11 Apr 2024 11:16:09 GMT","content-type":"application/vnd.catalyst.v2+json","transfer-encoding":"chunked","connection":"keep-alive","set-cookie":["3a750b85f1=99131cfabfda186b4fe68a16fb8fedd6; Path=/","ZD_CSRF_TOKEN=85020fd8-f743-44b4-b226-a4be1bf0fd91;path=/;SameSite=None;Secure;priority=high","_zcsr_tmp=85020fd8-f743-44b4-b226-a4be1bf0fd91;path=/;SameSite=Strict;Secure;priority=high"],"x-content-type-options":"nosniff","x-xss-protection":"1","cache-control":"private,no-cache,no-store,max-age=0,must-revalidate","pragma":"no-cache","expires":"Thu, 01 Jan 1970 00:00:00 GMT","x-frame-options":"DENY","strict-transport-security":"max-age=63072000"}

[debug] [2024-04-11T11:15:45.645Z] : >>>> HTTP REQUEST : GET https://api.catalyst.zoho.in/baas/v1/project/2956000000043031/environment 

[debug] [2024-04-11T11:15:45.704Z] : <<<< HTTP RESPONSE : 200
Response Headers: {"server":"ZGS","date":"Thu, 11 Apr 2024 11:16:09 GMT","content-type":"application/vnd.catalyst.v2+json","transfer-encoding":"chunked","connection":"keep-alive","set-cookie":["3a750b85f1=7c58023b2365c117e2ff9b6feb09efa2; Path=/","ZD_CSRF_TOKEN=4fd4a923-0bae-4240-b866-8d2fcf2271bb;path=/;SameSite=None;Secure;priority=high","_zcsr_tmp=4fd4a923-0bae-4240-b866-8d2fcf2271bb;path=/;SameSite=Strict;Secure;priority=high"],"x-content-type-options":"nosniff","x-xss-protection":"1","cache-control":"private,no-cache,no-store,max-age=0,must-revalidate","pragma":"no-cache","expires":"Thu, 01 Jan 1970 00:00:00 GMT","x-frame-options":"DENY","strict-transport-security":"max-age=63072000"}

[info] [2024-04-11T11:15:45.744Z] : 
      ___  
      \  \     ____           _             _                 _   
   ___ \  \   / ___|   __ _  | |_    __ _  | |  _   _   ___  | |_ 
  /  / /  /  | |      / _` | | __|  / _` | | | | | | | / __| | __|
 /  / /__/   | |___  | (_| | | |_  | (_| | | | | |_| | \__ \ | |_ 
 \  \         \____|  \__,_|  \__|  \__,_| |_|  \__, | |___/  \__|
  \__\                                          |___/       

You're about to initialize a Catalyst project in this directory:

  C:\

Before we get started, keep in mind:

  * You are currently outside your home directory
  * You are initializing in an existing Catalyst project directory

[debug] [2024-04-11T11:15:45.792Z] : >>>> HTTP REQUEST : GET https://api.catalyst.zoho.in/baas/v1/orgs 

[debug] [2024-04-11T11:15:45.867Z] : <<<< HTTP RESPONSE : 200
Response Headers: {"server":"ZGS","date":"Thu, 11 Apr 2024 11:16:10 GMT","content-type":"application/vnd.catalyst.v2+json","transfer-encoding":"chunked","connection":"keep-alive","set-cookie":["3a750b85f1=99131cfabfda186b4fe68a16fb8fedd6; Path=/","ZD_CSRF_TOKEN=ad815b2d-cd8e-4841-ba70-d1c16870bf01;path=/;SameSite=None;Secure;priority=high","_zcsr_tmp=ad815b2d-cd8e-4841-ba70-d1c16870bf01;path=/;SameSite=Strict;Secure;priority=high"],"x-content-type-options":"nosniff","x-xss-protection":"1","cache-control":"private,no-cache,no-store,max-age=0,must-revalidate","pragma":"no-cache","expires":"Thu, 01 Jan 1970 00:00:00 GMT","x-frame-options":"DENY","strict-transport-security":"max-age=63072000"}

[info] [2024-04-11T11:15:49.697Z] : i Setting up a new default project for this folder

[debug] [2024-04-11T11:15:49.700Z] : >>>> HTTP REQUEST : GET https://api.catalyst.zoho.in/baas/v1/project 

[debug] [2024-04-11T11:15:49.863Z] : <<<< HTTP RESPONSE : 200
Response Headers: {"server":"ZGS","date":"Thu, 11 Apr 2024 11:16:14 GMT","content-type":"application/vnd.catalyst.v2+json","transfer-encoding":"chunked","connection":"keep-alive","set-cookie":["3a750b85f1=7c58023b2365c117e2ff9b6feb09efa2; Path=/","ZD_CSRF_TOKEN=3424694b-a1e4-4448-9e38-d97d4f75bd4d;path=/;SameSite=None;Secure;priority=high","_zcsr_tmp=3424694b-a1e4-4448-9e38-d97d4f75bd4d;path=/;SameSite=Strict;Secure;priority=high"],"x-content-type-options":"nosniff","x-xss-protection":"1","cache-control":"private,no-cache,no-store,max-age=0,must-revalidate","pragma":"no-cache","expires":"Thu, 01 Jan 1970 00:00:00 GMT","x-frame-options":"DENY","strict-transport-security":"max-age=63072000"}

[debug] [2024-04-11T11:16:09.601Z] : >>>> HTTP REQUEST : POST https://api.catalyst.zoho.in/baas/v1/project 
Request Body: {"project_name":"aptitudeQues"}

[debug] [2024-04-11T11:16:10.323Z] : <<<< HTTP RESPONSE : 200
Response Headers: {"server":"ZGS","date":"Thu, 11 Apr 2024 11:16:34 GMT","content-type":"application/vnd.catalyst.v2+json","transfer-encoding":"chunked","connection":"keep-alive","set-cookie":["3a750b85f1=99131cfabfda186b4fe68a16fb8fedd6; Path=/","ZD_CSRF_TOKEN=f49cab89-a111-4ee8-9457-341a9951d237;path=/;SameSite=None;Secure;priority=high","_zcsr_tmp=f49cab89-a111-4ee8-9457-341a9951d237;path=/;SameSite=Strict;Secure;priority=high"],"x-content-type-options":"nosniff","x-xss-protection":"1","cache-control":"private,no-cache,no-store,max-age=0,must-revalidate","pragma":"no-cache","expires":"Thu, 01 Jan 1970 00:00:00 GMT","x-frame-options":"DENY","strict-transport-security":"max-age=63072000"}

[debug] [2024-04-11T11:16:10.329Z] : >>>> HTTP REQUEST : GET https://api.catalyst.zoho.in/baas/v1/project/2956000000043075/environment 

[debug] [2024-04-11T11:16:10.417Z] : <<<< HTTP RESPONSE : 200
Response Headers: {"server":"ZGS","date":"Thu, 11 Apr 2024 11:16:34 GMT","content-type":"application/vnd.catalyst.v2+json","transfer-encoding":"chunked","connection":"keep-alive","set-cookie":["3a750b85f1=7c58023b2365c117e2ff9b6feb09efa2; Path=/","ZD_CSRF_TOKEN=e16327f8-3797-4704-8414-c03f6966b14d;path=/;SameSite=None;Secure;priority=high","_zcsr_tmp=e16327f8-3797-4704-8414-c03f6966b14d;path=/;SameSite=Strict;Secure;priority=high"],"x-content-type-options":"nosniff","x-xss-protection":"1","cache-control":"private,no-cache,no-store,max-age=0,must-revalidate","pragma":"no-cache","expires":"Thu, 01 Jan 1970 00:00:00 GMT","x-frame-options":"DENY","strict-transport-security":"max-age=63072000"}

[error] [2024-04-11T11:16:10.447Z] : × An unexpected error has occurred.
[debug] [2024-04-11T11:16:10.448Z] : Error Stack: CatalystError: An unexpected error has occurred.
    at exports.default (C:\Users\ELCOT\AppData\Roaming\npm\node_modules\zcatalyst-cli\lib\errorOut.js:19:17)
    at Command.<anonymous> (C:\Users\ELCOT\AppData\Roaming\npm\node_modules\zcatalyst-cli\lib\internal\command.js:161:40)
    at Generator.throw (<anonymous>)
    at rejected (C:\Users\ELCOT\AppData\Roaming\npm\node_modules\zcatalyst-cli\lib\internal\command.js:29:65)
[debug] [2024-04-11T11:16:10.448Z] : Original Error: Error: EPERM: operation not permitted, open 'C:\.catalystrc'
[debug] [2024-04-11T11:16:10.448Z] : Error Status: 500
[info] [2024-04-11T11:16:10.449Z] : Kindly contact Catalyst support [support@zohocatalyst.com] if you need any further assistance
[debug] [2024-04-11T11:16:10.451Z] : EXEC ENDED with event: Error (Unexpected), message: EPERM: operation not permitted, open 'C:\.catalystrc'
[debug] [2024-04-11T11:16:10.451Z] : TOTAL DURATION OF COMMAND EXEC : 25422
[debug] [2024-04-11T11:16:10.491Z] : >>>> HTTP REQUEST : POST https://api.catalyst.zoho.in/baas/v1/cli/logs 
<request body omitted>

[debug] [2024-04-11T11:16:12.947Z] : <<<< HTTP RESPONSE : 400
Response Headers: {"server":"ZGS","date":"Thu, 11 Apr 2024 11:16:37 GMT","content-type":"application/json;charset=ISO-8859-1","content-length":"147","connection":"keep-alive","set-cookie":["3a750b85f1=99131cfabfda186b4fe68a16fb8fedd6; Path=/","ZD_CSRF_TOKEN=0b5635f8-242d-416d-8191-bf76a740b9f0;path=/;SameSite=None;Secure;priority=high","_zcsr_tmp=0b5635f8-242d-416d-8191-bf76a740b9f0;path=/;SameSite=Strict;Secure;priority=high","JSESSIONID=656CE5EBBD8DF5A86C3132BDA59B6EA0; Path=/; Secure; HttpOnly"],"x-content-type-options":"nosniff","x-xss-protection":"1","x-frame-options":"DENY"}

[debug] [2024-04-11T11:16:12.948Z] : Response Body : {"status":"failure","data":{"error_code":"INPUT_SIZE_MORE_THAN_ALLOWED","message":"Please check if the size of the input is in the correct range"}}

[debug] [2024-04-11T11:16:12.952Z] : Unable to send debug log to server: HTTP Error: 400, Please check if the size of the input is in the correct range
[debug] [2024-04-11T11:16:23.818Z] : 
[debug] [2024-04-11T11:16:23.823Z] : ----------------------------------------------------------------------
[debug] [2024-04-11T11:16:23.823Z] : Command:      C:\Program Files\nodejs\node.exe C:\Users\ELCOT\AppData\Roaming\npm\node_modules\zcatalyst-cli\lib\bin\catalyst.js init --force
[debug] [2024-04-11T11:16:23.824Z] : CLI Version:  1.17.5
[debug] [2024-04-11T11:16:23.825Z] : Platform:     win32
[debug] [2024-04-11T11:16:23.825Z] : Node Version: v20.11.1
[debug] [2024-04-11T11:16:23.826Z] : Time:         Thu Apr 11 2024 16:46:23 GMT+0530 (India Standard Time)
[debug] [2024-04-11T11:16:23.826Z] : ----------------------------------------------------------------------
[debug] [2024-04-11T11:16:23.827Z] : 
[debug] [2024-04-11T11:16:26.583Z] : > authorizing via signed-in user option
[debug] [2024-04-11T11:16:26.584Z] : > command requires scopes: ["ZohoCatalyst.projects.ALL","ZohoCatalyst.projects.ALL","Stratus.sdkop.CREATE","Stratus.sdkop.READ","ZohoCatalyst.project.import.CREATE"]
[debug] [2024-04-11T11:16:26.617Z] : >>>> HTTP REQUEST : GET https://api.catalyst.zoho.in/baas/v1/project/2956000000043031 

[debug] [2024-04-11T11:16:26.954Z] : <<<< HTTP RESPONSE : 200
Response Headers: {"server":"ZGS","date":"Thu, 11 Apr 2024 11:16:51 GMT","content-type":"application/vnd.catalyst.v2+json","transfer-encoding":"chunked","connection":"keep-alive","set-cookie":["3a750b85f1=7c58023b2365c117e2ff9b6feb09efa2; Path=/","ZD_CSRF_TOKEN=659e7bc7-838e-49ce-9774-fef80cd7f67c;path=/;SameSite=None;Secure;priority=high","_zcsr_tmp=659e7bc7-838e-49ce-9774-fef80cd7f67c;path=/;SameSite=Strict;Secure;priority=high"],"x-content-type-options":"nosniff","x-xss-protection":"1","cache-control":"private,no-cache,no-store,max-age=0,must-revalidate","pragma":"no-cache","expires":"Thu, 01 Jan 1970 00:00:00 GMT","x-frame-options":"DENY","strict-transport-security":"max-age=63072000"}

[debug] [2024-04-11T11:16:26.966Z] : >>>> HTTP REQUEST : GET https://api.catalyst.zoho.in/baas/v1/project/2956000000043031/environment 

[debug] [2024-04-11T11:16:27.050Z] : <<<< HTTP RESPONSE : 200
Response Headers: {"server":"ZGS","date":"Thu, 11 Apr 2024 11:16:51 GMT","content-type":"application/vnd.catalyst.v2+json","transfer-encoding":"chunked","connection":"keep-alive","set-cookie":["3a750b85f1=99131cfabfda186b4fe68a16fb8fedd6; Path=/","ZD_CSRF_TOKEN=63428bc5-3f4c-4e3a-95c2-c3463dd6e9dd;path=/;SameSite=None;Secure;priority=high","_zcsr_tmp=63428bc5-3f4c-4e3a-95c2-c3463dd6e9dd;path=/;SameSite=Strict;Secure;priority=high"],"x-content-type-options":"nosniff","x-xss-protection":"1","cache-control":"private,no-cache,no-store,max-age=0,must-revalidate","pragma":"no-cache","expires":"Thu, 01 Jan 1970 00:00:00 GMT","x-frame-options":"DENY","strict-transport-security":"max-age=63072000"}

[info] [2024-04-11T11:16:27.117Z] : 
      ___  
      \  \     ____           _             _                 _   
   ___ \  \   / ___|   __ _  | |_    __ _  | |  _   _   ___  | |_ 
  /  / /  /  | |      / _` | | __|  / _` | | | | | | | / __| | __|
 /  / /__/   | |___  | (_| | | |_  | (_| | | | | |_| | \__ \ | |_ 
 \  \         \____|  \__,_|  \__|  \__,_| |_|  \__, | |___/  \__|
  \__\                                          |___/       

You're about to initialize a Catalyst project in this directory:

  C:\

Before we get started, keep in mind:

  * You are currently outside your home directory
  * You are initializing in an existing Catalyst project directory

[debug] [2024-04-11T11:16:29.959Z] : >>>> HTTP REQUEST : GET https://api.catalyst.zoho.in/baas/v1/orgs 

[debug] [2024-04-11T11:16:30.019Z] : <<<< HTTP RESPONSE : 200
Response Headers: {"server":"ZGS","date":"Thu, 11 Apr 2024 11:16:54 GMT","content-type":"application/vnd.catalyst.v2+json","transfer-encoding":"chunked","connection":"keep-alive","set-cookie":["3a750b85f1=7c58023b2365c117e2ff9b6feb09efa2; Path=/","ZD_CSRF_TOKEN=327927fa-d825-4748-9cb9-7a1d6259f8f2;path=/;SameSite=None;Secure;priority=high","_zcsr_tmp=327927fa-d825-4748-9cb9-7a1d6259f8f2;path=/;SameSite=Strict;Secure;priority=high"],"x-content-type-options":"nosniff","x-xss-protection":"1","cache-control":"private,no-cache,no-store,max-age=0,must-revalidate","pragma":"no-cache","expires":"Thu, 01 Jan 1970 00:00:00 GMT","x-frame-options":"DENY","strict-transport-security":"max-age=63072000"}

[info] [2024-04-11T11:16:32.175Z] : i Setting up a new default project for this folder

[debug] [2024-04-11T11:16:32.178Z] : >>>> HTTP REQUEST : GET https://api.catalyst.zoho.in/baas/v1/project 

[debug] [2024-04-11T11:16:32.480Z] : <<<< HTTP RESPONSE : 200
Response Headers: {"server":"ZGS","date":"Thu, 11 Apr 2024 11:16:56 GMT","content-type":"application/vnd.catalyst.v2+json","transfer-encoding":"chunked","connection":"keep-alive","set-cookie":["3a750b85f1=99131cfabfda186b4fe68a16fb8fedd6; Path=/","ZD_CSRF_TOKEN=def560b8-316b-4c95-b34d-346f6c359780;path=/;SameSite=None;Secure;priority=high","_zcsr_tmp=def560b8-316b-4c95-b34d-346f6c359780;path=/;SameSite=Strict;Secure;priority=high"],"x-content-type-options":"nosniff","x-xss-protection":"1","cache-control":"private,no-cache,no-store,max-age=0,must-revalidate","pragma":"no-cache","expires":"Thu, 01 Jan 1970 00:00:00 GMT","x-frame-options":"DENY","strict-transport-security":"max-age=63072000"}

[debug] [2024-04-11T11:16:37.090Z] : >>>> HTTP REQUEST : GET https://api.catalyst.zoho.in/baas/v1/project/2956000000043031/environment 

[debug] [2024-04-11T11:16:37.150Z] : <<<< HTTP RESPONSE : 200
Response Headers: {"server":"ZGS","date":"Thu, 11 Apr 2024 11:17:01 GMT","content-type":"application/vnd.catalyst.v2+json","transfer-encoding":"chunked","connection":"keep-alive","set-cookie":["3a750b85f1=7c58023b2365c117e2ff9b6feb09efa2; Path=/","ZD_CSRF_TOKEN=cd6d21e4-b851-4389-8929-ba36bbe6f43a;path=/;SameSite=None;Secure;priority=high","_zcsr_tmp=cd6d21e4-b851-4389-8929-ba36bbe6f43a;path=/;SameSite=Strict;Secure;priority=high"],"x-content-type-options":"nosniff","x-xss-protection":"1","cache-control":"private,no-cache,no-store,max-age=0,must-revalidate","pragma":"no-cache","expires":"Thu, 01 Jan 1970 00:00:00 GMT","x-frame-options":"DENY","strict-transport-security":"max-age=63072000"}

[error] [2024-04-11T11:16:37.166Z] : × An unexpected error has occurred.
[debug] [2024-04-11T11:16:37.167Z] : Error Stack: CatalystError: An unexpected error has occurred.
    at exports.default (C:\Users\ELCOT\AppData\Roaming\npm\node_modules\zcatalyst-cli\lib\errorOut.js:19:17)
    at Command.<anonymous> (C:\Users\ELCOT\AppData\Roaming\npm\node_modules\zcatalyst-cli\lib\internal\command.js:161:40)
    at Generator.throw (<anonymous>)
    at rejected (C:\Users\ELCOT\AppData\Roaming\npm\node_modules\zcatalyst-cli\lib\internal\command.js:29:65)
[debug] [2024-04-11T11:16:37.167Z] : Original Error: Error: EPERM: operation not permitted, open 'C:\.catalystrc'
[debug] [2024-04-11T11:16:37.167Z] : Error Status: 500
[info] [2024-04-11T11:16:37.168Z] : Kindly contact Catalyst support [support@zohocatalyst.com] if you need any further assistance
[debug] [2024-04-11T11:16:37.169Z] : EXEC ENDED with event: Error (Unexpected), message: EPERM: operation not permitted, open 'C:\.catalystrc'
[debug] [2024-04-11T11:16:37.169Z] : TOTAL DURATION OF COMMAND EXEC : 10660
[debug] [2024-04-11T11:16:37.213Z] : >>>> HTTP REQUEST : POST https://api.catalyst.zoho.in/baas/v1/cli/logs 
<request body omitted>

[debug] [2024-04-11T11:16:39.037Z] : <<<< HTTP RESPONSE : 400
Response Headers: {"server":"ZGS","date":"Thu, 11 Apr 2024 11:17:03 GMT","content-type":"application/json;charset=ISO-8859-1","content-length":"147","connection":"keep-alive","set-cookie":["3a750b85f1=7c58023b2365c117e2ff9b6feb09efa2; Path=/","ZD_CSRF_TOKEN=102710fa-e350-4155-a4de-3bd3d22e3831;path=/;SameSite=None;Secure;priority=high","_zcsr_tmp=102710fa-e350-4155-a4de-3bd3d22e3831;path=/;SameSite=Strict;Secure;priority=high","JSESSIONID=5B52D7AE4A51B9D36A186153B6D1239A; Path=/; Secure; HttpOnly"],"x-content-type-options":"nosniff","x-xss-protection":"1","x-frame-options":"DENY"}

[debug] [2024-04-11T11:16:39.038Z] : Response Body : {"status":"failure","data":{"error_code":"INPUT_SIZE_MORE_THAN_ALLOWED","message":"Please check if the size of the input is in the correct range"}}

[debug] [2024-04-11T11:16:39.042Z] : Unable to send debug log to server: HTTP Error: 400, Please check if the size of the input is in the correct range
